<?xml version="1.0" encoding="UTF-8"?>
<!-- Generated by org.testng.reporters.JUnitXMLReporter -->
<testsuite ignored="0" hostname="SudheerMyra" failures="7" tests="7" name="Test" time="101.147" errors="0" timestamp="2023-08-23T14:59:31 CDT">
  <testcase classname="testCases.TC_001_AccountRegistrationTest" name="test_account_Registration" time="10.233">
    <failure type="java.lang.AssertionError" message="null">
      <![CDATA[java.lang.AssertionError: null
at testCases.TC_001_AccountRegistrationTest.test_account_Registration(TC_001_AccountRegistrationTest.java:51)
at java.base/java.util.ArrayList.forEach(ArrayList.java:1541)
... Removed 29 stack frames]]>
    </failure>
  </testcase> <!-- test_account_Registration -->
  <testcase classname="testCases.TC_002_LoginTest" name="test_Login" time="11.27">
    <failure type="java.lang.AssertionError" message="null">
      <![CDATA[java.lang.AssertionError: null
at testCases.TC_002_LoginTest.test_Login(TC_002_LoginTest.java:44)
at java.base/java.util.ArrayList.forEach(ArrayList.java:1541)
... Removed 29 stack frames]]>
    </failure>
  </testcase> <!-- test_Login -->
  <testcase classname="testCases.TC_003_LoginDataDrivenTest" name="test_LoginDDT" time="11.341">
    <failure type="java.lang.AssertionError" message="null">
      <![CDATA[java.lang.AssertionError: null
at testCases.TC_003_LoginDataDrivenTest.test_LoginDDT(TC_003_LoginDataDrivenTest.java:52)
at java.base/java.util.ArrayList.forEach(ArrayList.java:1541)
... Removed 29 stack frames]]>
    </failure>
  </testcase> <!-- test_LoginDDT -->
  <testcase classname="testCases.TC_003_LoginDataDrivenTest" name="test_LoginDDT" time="11.031">
    <failure type="java.lang.AssertionError" message="null">
      <![CDATA[java.lang.AssertionError: null
at testCases.TC_003_LoginDataDrivenTest.test_LoginDDT(TC_003_LoginDataDrivenTest.java:52)
at java.base/java.util.ArrayList.forEach(ArrayList.java:1541)
... Removed 29 stack frames]]>
    </failure>
  </testcase> <!-- test_LoginDDT -->
  <testcase classname="testCases.TC_003_LoginDataDrivenTest" name="test_LoginDDT" time="11.125">
    <failure type="java.lang.AssertionError" message="null">
      <![CDATA[java.lang.AssertionError: null
at testCases.TC_003_LoginDataDrivenTest.test_LoginDDT(TC_003_LoginDataDrivenTest.java:52)
at java.base/java.util.ArrayList.forEach(ArrayList.java:1541)
... Removed 29 stack frames]]>
    </failure>
  </testcase> <!-- test_LoginDDT -->
  <testcase classname="testCases.TC_003_LoginDataDrivenTest" name="test_LoginDDT" time="11.238">
    <failure type="java.lang.AssertionError" message="null">
      <![CDATA[java.lang.AssertionError: null
at testCases.TC_003_LoginDataDrivenTest.test_LoginDDT(TC_003_LoginDataDrivenTest.java:52)
at java.base/java.util.ArrayList.forEach(ArrayList.java:1541)
... Removed 29 stack frames]]>
    </failure>
  </testcase> <!-- test_LoginDDT -->
  <testcase classname="testCases.TC_003_LoginDataDrivenTest" name="test_LoginDDT" time="11.227">
    <failure type="java.lang.AssertionError" message="null">
      <![CDATA[java.lang.AssertionError: null
at testCases.TC_003_LoginDataDrivenTest.test_LoginDDT(TC_003_LoginDataDrivenTest.java:52)
at java.base/java.util.ArrayList.forEach(ArrayList.java:1541)
... Removed 29 stack frames]]>
    </failure>
  </testcase> <!-- test_LoginDDT -->
</testsuite> <!-- Test -->
